<?xml version="1.0" encoding="UTF-8"?>
<!-- Generated by org.testng.reporters.JUnitReportReporter -->
<testsuite hostname="DESKTOP-IB7CFDB" failures="0" tests="12" name="com.apitest.TC01_API_Test" time="22.587" errors="0" timestamp="2021-06-24T23:00:26 AEST" skipped="0">
  <testcase classname="com.apitest.TC01_API_Test" name="getRequestAPITest" time="4.041"/>
  <system-out/>
  <testcase classname="com.apitest.TC01_API_Test" name="postRequestAPITest" time="1.972"/>
  <system-out/>
  <testcase classname="com.apitest.TC01_API_Test" name="postRequestAPITest" time="1.804"/>
  <system-out/>
  <testcase classname="com.apitest.TC01_API_Test" name="postRequestAPITest" time="2.371"/>
  <system-out/>
  <testcase classname="com.apitest.TC01_API_Test" name="postRequestAPITest" time="1.861"/>
  <system-out/>
  <testcase classname="com.apitest.TC01_API_Test" name="postRequestAPITest" time="1.960"/>
  <system-out/>
  <testcase classname="com.apitest.TC01_API_Test" name="validateCreatedUserThruPostAPITest" time="1.626"/>
  <system-out/>
  <testcase classname="com.apitest.TC01_API_Test" name="putRequestAPITest" time="0.009"/>
  <system-out/>
  <testcase classname="com.apitest.TC01_API_Test" name="validateUpdatedUserThruPutAPITest" time="1.728"/>
  <system-out/>
  <testcase classname="com.apitest.TC01_API_Test" name="putRequestToCreateDataAPITest" time="2.309"/>
  <system-out/>
  <testcase classname="com.apitest.TC01_API_Test" name="blankDeleteKeyRequestAPITest" time="1.406"/>
  <system-out/>
  <testcase classname="com.apitest.TC01_API_Test" name="incorrectDeleteKeyRequestAPITest" time="1.500"/>
  <system-out/>
</testsuite> <!-- com.apitest.TC01_API_Test -->
