<?xml version="1.0" encoding="UTF-8"?>
<!-- Generated by org.testng.reporters.JUnitReportReporter -->
<testsuite hostname="DESKTOP-IB7CFDB" failures="0" tests="12" name="com.apitest.TC01_API_Test" time="26.638" errors="0" timestamp="2021-06-22T22:27:56 AEST" skipped="0">
  <testcase classname="com.apitest.TC01_API_Test" name="getRequestAPITest" time="5.555"/>
  <system-out/>
  <testcase classname="com.apitest.TC01_API_Test" name="postRequestAPITest" time="2.950"/>
  <system-out/>
  <testcase classname="com.apitest.TC01_API_Test" name="postRequestAPITest" time="2.716"/>
  <system-out/>
  <testcase classname="com.apitest.TC01_API_Test" name="postRequestAPITest" time="1.802"/>
  <system-out/>
  <testcase classname="com.apitest.TC01_API_Test" name="postRequestAPITest" time="2.085"/>
  <system-out/>
  <testcase classname="com.apitest.TC01_API_Test" name="postRequestAPITest" time="1.726"/>
  <system-out/>
  <testcase classname="com.apitest.TC01_API_Test" name="validateCreatedUserThruPostAPITest" time="2.243"/>
  <system-out/>
  <testcase classname="com.apitest.TC01_API_Test" name="putRequestAPITest" time="0.023"/>
  <system-out/>
  <testcase classname="com.apitest.TC01_API_Test" name="validateUpdatedUserThruPutAPITest" time="1.969"/>
  <system-out/>
  <testcase classname="com.apitest.TC01_API_Test" name="putRequestToCreateDataAPITest" time="2.420"/>
  <system-out/>
  <testcase classname="com.apitest.TC01_API_Test" name="blankDeleteKeyRequestAPITest" time="1.754"/>
  <system-out/>
  <testcase classname="com.apitest.TC01_API_Test" name="incorrectDeleteKeyRequestAPITest" time="1.395"/>
  <system-out/>
</testsuite> <!-- com.apitest.TC01_API_Test -->
