<?xml version="1.0" encoding="UTF-8"?>
<!-- Generated by org.testng.reporters.JUnitReportReporter -->
<testsuite hostname="DESKTOP-IB7CFDB" failures="0" tests="10" name="webtests.TC02_HomePage" time="607.752" errors="0" timestamp="2021-06-22T22:27:56 AEST" skipped="0">
  <testcase classname="webtests.TC02_HomePage" name="verifyHomePageHeader" time="64.987"/>
  <system-out/>
  <testcase classname="webtests.TC02_HomePage" name="verifyHomePageHeader" time="61.344"/>
  <system-out/>
  <testcase classname="webtests.TC02_HomePage" name="verifyAllBattleFieldsPresent" time="60.095"/>
  <system-out/>
  <testcase classname="webtests.TC02_HomePage" name="verifyAllBattleFieldsPresent" time="60.091"/>
  <system-out/>
  <testcase classname="webtests.TC02_HomePage" name="verifyBattleFieldTakeTheBusCanBeAccessed" time="60.049"/>
  <system-out/>
  <testcase classname="webtests.TC02_HomePage" name="verifyBattleFieldTakeTheBusCanBeAccessed" time="60.048"/>
  <system-out/>
  <testcase classname="webtests.TC02_HomePage" name="verifyBattleFieldGoToPublicPlaceCanBeAccessed" time="60.519"/>
  <system-out/>
  <testcase classname="webtests.TC02_HomePage" name="verifyBattleFieldGoToPublicPlaceCanBeAccessed" time="60.074"/>
  <system-out/>
  <testcase classname="webtests.TC02_HomePage" name="verifyBattleFieldGoToOfficeCanBeAccessed" time="60.045"/>
  <system-out/>
  <testcase classname="webtests.TC02_HomePage" name="verifyBattleFieldGoToOfficeCanBeAccessed" time="60.500"/>
  <system-out/>
</testsuite> <!-- webtests.TC02_HomePage -->
