<?xml version="1.0" encoding="UTF-8"?>
<!-- Generated by org.testng.reporters.JUnitReportReporter -->
<testsuite hostname="DESKTOP-IB7CFDB" failures="0" tests="1" name="webtests.TC06_LeaderBoard" time="63.517" errors="0" timestamp="2021-06-22T22:27:56 AEST" skipped="0">
  <testcase classname="webtests.TC06_LeaderBoard" name="answerSingleQAndCheckLeaderBoard" time="63.517"/>
  <system-out/>
</testsuite> <!-- webtests.TC06_LeaderBoard -->
