<?xml version="1.0" encoding="UTF-8"?>
<!-- Generated by org.testng.reporters.JUnitReportReporter -->
<testsuite hostname="DESKTOP-IB7CFDB" failures="0" tests="2" name="webtests.TC01_WelcomePage" time="11.813" errors="0" timestamp="2021-06-24T23:00:26 AEST" skipped="0">
  <testcase classname="webtests.TC01_WelcomePage" name="verifyWelcomePageTitle" time="0.106"/>
  <system-out/>
  <testcase classname="webtests.TC01_WelcomePage" name="verifyStartJourneyOfAHero" time="11.707"/>
  <system-out/>
</testsuite> <!-- webtests.TC01_WelcomePage -->
