<?xml version="1.0" encoding="UTF-8"?>
<!-- Generated by org.testng.reporters.JUnitReportReporter -->
<testsuite hostname="DESKTOP-IB7CFDB" failures="0" tests="12" name="com.apitest.TC01_API_Test" time="28.855" errors="0" timestamp="2021-06-22T20:05:31 AEST" skipped="0">
  <testcase classname="com.apitest.TC01_API_Test" name="getRequestAPITest" time="11.566"/>
  <system-out/>
  <testcase classname="com.apitest.TC01_API_Test" name="postRequestAPITest" time="1.681"/>
  <system-out/>
  <testcase classname="com.apitest.TC01_API_Test" name="postRequestAPITest" time="2.247"/>
  <system-out/>
  <testcase classname="com.apitest.TC01_API_Test" name="postRequestAPITest" time="1.689"/>
  <system-out/>
  <testcase classname="com.apitest.TC01_API_Test" name="postRequestAPITest" time="1.682"/>
  <system-out/>
  <testcase classname="com.apitest.TC01_API_Test" name="postRequestAPITest" time="1.774"/>
  <system-out/>
  <testcase classname="com.apitest.TC01_API_Test" name="validateCreatedUserThruPostAPITest" time="1.752"/>
  <system-out/>
  <testcase classname="com.apitest.TC01_API_Test" name="putRequestAPITest" time="0.013"/>
  <system-out/>
  <testcase classname="com.apitest.TC01_API_Test" name="validateUpdatedUserThruPutAPITest" time="1.807"/>
  <system-out/>
  <testcase classname="com.apitest.TC01_API_Test" name="putRequestToCreateDataAPITest" time="2.157"/>
  <system-out/>
  <testcase classname="com.apitest.TC01_API_Test" name="blankDeleteKeyRequestAPITest" time="1.238"/>
  <system-out/>
  <testcase classname="com.apitest.TC01_API_Test" name="incorrectDeleteKeyRequestAPITest" time="1.249"/>
  <system-out/>
</testsuite> <!-- com.apitest.TC01_API_Test -->
